# JRE version: OpenJDK Runtime Environment Microsoft-8035246 (17.0.8+7) (build 17.0.8+7-LTS)
# Java VM: OpenJDK 64-Bit Server VM Microsoft-8035246 (17.0.8+7-LTS, mixed mode, sharing, tiered, compressed oops, compressed class ptrs, g1 gc, windows-amd64)
GC Precious Log:
 CPUs: 4 total, 4 available
 Memory: 8106M
 Large Page Support: Disabled
 NUMA Support: Disabled
 Compressed Oops: Enabled (32-bit)
 Heap Region Size: 1M
 Heap Min Capacity: 8M
 Heap Initial Capacity: 128M
 Heap Max Capacity: 2G
 Pre-touch: Disabled
 Parallel Workers: 4
 Concurrent Workers: 1
 Concurrent Refinement Workers: 4
 Periodic GC: Disabled
Heap:
 garbage-first heap   total 316416K, used 167591K [0x0000000080000000, 0x0000000100000000)
  region size 1024K, 22 young (22528K), 13 survivors (13312K)
 Metaspace       used 98969K, committed 99968K, reserved 557056K
  class space    used 13826K, committed 14336K, reserved 425984K
GC Heap History (20 events):
Event: 48.281 GC heap before
{Heap before GC invocations=40 (full 0):
 garbage-first heap   total 224256K, used 169967K [0x0000000080000000, 0x0000000100000000)
  region size 1024K, 78 young (79872K), 3 survivors (3072K)
 Metaspace       used 86184K, committed 86976K, reserved 557056K
  class space    used 12185K, committed 12544K, reserved 425984K
}
Event: 48.297 GC heap after
{Heap after GC invocations=41 (full 0):
 garbage-first heap   total 224256K, used 99065K [0x0000000080000000, 0x0000000100000000)
  region size 1024K, 9 young (9216K), 9 survivors (9216K)
 Metaspace       used 86184K, committed 86976K, reserved 557056K
  class space    used 12185K, committed 12544K, reserved 425984K
}
Event: 50.753 GC heap before
{Heap before GC invocations=41 (full 0):
 garbage-first heap   total 224256K, used 179961K [0x0000000080000000, 0x0000000100000000)
  region size 1024K, 82 young (83968K), 9 survivors (9216K)
 Metaspace       used 89022K, committed 89920K, reserved 557056K
  class space    used 12528K, committed 12928K, reserved 425984K
}
Event: 50.783 GC heap after
{Heap after GC invocations=42 (full 0):
 garbage-first heap   total 224256K, used 124113K [0x0000000080000000, 0x0000000100000000)
  region size 1024K, 11 young (11264K), 11 survivors (11264K)
 Metaspace       used 89022K, committed 89920K, reserved 557056K
  class space    used 12528K, committed 12928K, reserved 425984K
}
Event: 51.430 GC heap before
{Heap before GC invocations=42 (full 0):
 garbage-first heap   total 224256K, used 148689K [0x0000000080000000, 0x0000000100000000)
  region size 1024K, 36 young (36864K), 11 survivors (11264K)
 Metaspace       used 89399K, committed 90368K, reserved 557056K
  class space    used 12568K, committed 12992K, reserved 425984K
}
Event: 51.445 GC heap after
{Heap after GC invocations=43 (full 0):
 garbage-first heap   total 224256K, used 131063K [0x0000000080000000, 0x0000000100000000)
  region size 1024K, 6 young (6144K), 6 survivors (6144K)
 Metaspace       used 89399K, committed 90368K, reserved 557056K
  class space    used 12568K, committed 12992K, reserved 425984K
}
Event: 52.960 GC heap before
{Heap before GC invocations=44 (full 0):
 garbage-first heap   total 230400K, used 178167K [0x0000000080000000, 0x0000000100000000)
  region size 1024K, 51 young (52224K), 6 survivors (6144K)
 Metaspace       used 91251K, committed 92224K, reserved 557056K
  class space    used 12826K, committed 13248K, reserved 425984K
}
Event: 52.980 GC heap after
{Heap after GC invocations=45 (full 0):
 garbage-first heap   total 230400K, used 138541K [0x0000000080000000, 0x0000000100000000)
  region size 1024K, 7 young (7168K), 7 survivors (7168K)
 Metaspace       used 91251K, committed 92224K, reserved 557056K
  class space    used 12826K, committed 13248K, reserved 425984K
}
Event: 53.042 GC heap before
{Heap before GC invocations=45 (full 0):
 garbage-first heap   total 230400K, used 141613K [0x0000000080000000, 0x0000000100000000)
  region size 1024K, 11 young (11264K), 7 survivors (7168K)
 Metaspace       used 91605K, committed 92544K, reserved 557056K
  class space    used 12878K, committed 13312K, reserved 425984K
}
Event: 53.054 GC heap after
{Heap after GC invocations=46 (full 0):
 garbage-first heap   total 230400K, used 139257K [0x0000000080000000, 0x0000000100000000)
  region size 1024K, 1 young (1024K), 1 survivors (1024K)
 Metaspace       used 91605K, committed 92544K, reserved 557056K
  class space    used 12878K, committed 13312K, reserved 425984K
}
Event: 54.577 GC heap before
{Heap before GC invocations=46 (full 0):
 garbage-first heap   total 230400K, used 185337K [0x0000000080000000, 0x0000000100000000)
  region size 1024K, 46 young (47104K), 1 survivors (1024K)
 Metaspace       used 94816K, committed 95808K, reserved 557056K
  class space    used 13342K, committed 13824K, reserved 425984K
}
Event: 54.589 GC heap after
{Heap after GC invocations=47 (full 0):
 garbage-first heap   total 230400K, used 141912K [0x0000000080000000, 0x0000000100000000)
  region size 1024K, 4 young (4096K), 4 survivors (4096K)
 Metaspace       used 94816K, committed 95808K, reserved 557056K
  class space    used 13342K, committed 13824K, reserved 425984K
}
Event: 57.150 GC heap before
{Heap before GC invocations=48 (full 0):
 garbage-first heap   total 263168K, used 185944K [0x0000000080000000, 0x0000000100000000)
  region size 1024K, 47 young (48128K), 4 survivors (4096K)
 Metaspace       used 96759K, committed 97792K, reserved 557056K
  class space    used 13583K, committed 14080K, reserved 425984K
}
Event: 57.167 GC heap after
{Heap after GC invocations=49 (full 0):
 garbage-first heap   total 263168K, used 146224K [0x0000000080000000, 0x0000000100000000)
  region size 1024K, 5 young (5120K), 5 survivors (5120K)
 Metaspace       used 96759K, committed 97792K, reserved 557056K
  class space    used 13583K, committed 14080K, reserved 425984K
}
Event: 57.347 GC heap before
{Heap before GC invocations=49 (full 0):
 garbage-first heap   total 263168K, used 153392K [0x0000000080000000, 0x0000000100000000)
  region size 1024K, 12 young (12288K), 5 survivors (5120K)
 Metaspace       used 96927K, committed 97984K, reserved 557056K
  class space    used 13601K, committed 14080K, reserved 425984K
}
Event: 57.358 GC heap after
{Heap after GC invocations=50 (full 0):
 garbage-first heap   total 263168K, used 146653K [0x0000000080000000, 0x0000000100000000)
  region size 1024K, 2 young (2048K), 2 survivors (2048K)
 Metaspace       used 96927K, committed 97984K, reserved 557056K
  class space    used 13601K, committed 14080K, reserved 425984K
}
Event: 61.831 GC heap before
{Heap before GC invocations=50 (full 0):
 garbage-first heap   total 263168K, used 208093K [0x0000000080000000, 0x0000000100000000)
  region size 1024K, 62 young (63488K), 2 survivors (2048K)
 Metaspace       used 97600K, committed 98624K, reserved 557056K
  class space    used 13653K, committed 14144K, reserved 425984K
}
Event: 61.848 GC heap after
{Heap after GC invocations=51 (full 0):
 garbage-first heap   total 316416K, used 152386K [0x0000000080000000, 0x0000000100000000)
  region size 1024K, 8 young (8192K), 8 survivors (8192K)
 Metaspace       used 97600K, committed 98624K, reserved 557056K
  class space    used 13653K, committed 14144K, reserved 425984K
}
Event: 68.916 GC heap before
{Heap before GC invocations=51 (full 0):
 garbage-first heap   total 316416K, used 243522K [0x0000000080000000, 0x0000000100000000)
  region size 1024K, 98 young (100352K), 8 survivors (8192K)
 Metaspace       used 98969K, committed 99968K, reserved 557056K
  class space    used 13826K, committed 14336K, reserved 425984K
}
Event: 68.939 GC heap after
{Heap after GC invocations=52 (full 0):
 garbage-first heap   total 316416K, used 159399K [0x0000000080000000, 0x0000000100000000)
  region size 1024K, 13 young (13312K), 13 survivors (13312K)
 Metaspace       used 98969K, committed 99968K, reserved 557056K
  class space    used 13826K, committed 14336K, reserved 425984K
}

